<?xml version="1.0" encoding="UTF-8"?>
<!-- Generated by org.testng.reporters.JUnitReportReporter -->
<testsuite hostname="jarfa" failures="0" tests="1" name="tests.NewTest" time="1.896" errors="0" timestamp="25 Nov 2019 03:08:41 GMT" skipped="0">
  <testcase classname="tests.NewTest" name="openMyBlog" time="1.896"/>
</testsuite> <!-- tests.NewTest -->
